# JRE version: Java(TM) SE Runtime Environment (8.0_251-b08) (build 1.8.0_251-b08)
# Java VM: Java HotSpot(TM) 64-Bit Server VM (25.251-b08 mixed mode windows-amd64 compressed oops)
Heap:
 PSYoungGen      total 328704K, used 87726K [0x0000000780b80000, 0x0000000797280000, 0x00000007c0000000)
  eden space 315904K, 27% used [0x0000000780b80000,0x000000078612b848,0x0000000794000000)
  from space 12800K, 0% used [0x0000000794c00000,0x0000000794c00000,0x0000000795880000)
  to   space 12288K, 0% used [0x0000000794000000,0x0000000794000000,0x0000000794c00000)
 ParOldGen       total 90624K, used 27085K [0x0000000702200000, 0x0000000707a80000, 0x0000000780b80000)
  object space 90624K, 29% used [0x0000000702200000,0x0000000703c734b8,0x0000000707a80000)
 Metaspace       used 59742K, capacity 63878K, committed 64000K, reserved 1103872K
  class space    used 8445K, capacity 9153K, committed 9216K, reserved 1048576K
GC Heap History (10 events):
Event: 4.957 GC heap before
{Heap before GC invocations=9 (full 1):
 PSYoungGen      total 203264K, used 48557K [0x0000000780b80000, 0x0000000795880000, 0x00000007c0000000)
  eden space 194048K, 20% used [0x0000000780b80000,0x00000007831f19b8,0x000000078c900000)
  from space 9216K, 99% used [0x000000078c900000,0x000000078d1f9b70,0x000000078d200000)
  to   space 12800K, 0% used [0x0000000794c00000,0x0000000794c00000,0x0000000795880000)
 ParOldGen       total 65024K, used 11037K [0x0000000702200000, 0x0000000706180000, 0x0000000780b80000)
  object space 65024K, 16% used [0x0000000702200000,0x0000000702cc76f0,0x0000000706180000)
 Metaspace       used 33135K, capacity 35280K, committed 35416K, reserved 1079296K
  class space    used 4605K, capacity 5029K, committed 5120K, reserved 1048576K
Event: 4.964 GC heap after
Heap after GC invocations=9 (full 1):
 PSYoungGen      total 328704K, used 7952K [0x0000000780b80000, 0x0000000797280000, 0x00000007c0000000)
  eden space 315904K, 0% used [0x0000000780b80000,0x0000000780b80000,0x0000000794000000)
  from space 12800K, 62% used [0x0000000794c00000,0x00000007953c41f0,0x0000000795880000)
  to   space 12288K, 0% used [0x0000000794000000,0x0000000794000000,0x0000000794c00000)
 ParOldGen       total 65024K, used 11045K [0x0000000702200000, 0x0000000706180000, 0x0000000780b80000)
  object space 65024K, 16% used [0x0000000702200000,0x0000000702cc96f0,0x0000000706180000)
 Metaspace       used 33135K, capacity 35280K, committed 35416K, reserved 1079296K
  class space    used 4605K, capacity 5029K, committed 5120K, reserved 1048576K
}
Event: 4.964 GC heap before
{Heap before GC invocations=10 (full 2):
 PSYoungGen      total 328704K, used 7952K [0x0000000780b80000, 0x0000000797280000, 0x00000007c0000000)
  eden space 315904K, 0% used [0x0000000780b80000,0x0000000780b80000,0x0000000794000000)
  from space 12800K, 62% used [0x0000000794c00000,0x00000007953c41f0,0x0000000795880000)
  to   space 12288K, 0% used [0x0000000794000000,0x0000000794000000,0x0000000794c00000)
 ParOldGen       total 65024K, used 11045K [0x0000000702200000, 0x0000000706180000, 0x0000000780b80000)
  object space 65024K, 16% used [0x0000000702200000,0x0000000702cc96f0,0x0000000706180000)
 Metaspace       used 33135K, capacity 35280K, committed 35416K, reserved 1079296K
  class space    used 4605K, capacity 5029K, committed 5120K, reserved 1048576K
Event: 5.006 GC heap after
Heap after GC invocations=10 (full 2):
 PSYoungGen      total 328704K, used 0K [0x0000000780b80000, 0x0000000797280000, 0x00000007c0000000)
  eden space 315904K, 0% used [0x0000000780b80000,0x0000000780b80000,0x0000000794000000)
  from space 12800K, 0% used [0x0000000794c00000,0x0000000794c00000,0x0000000795880000)
  to   space 12288K, 0% used [0x0000000794000000,0x0000000794000000,0x0000000794c00000)
 ParOldGen       total 90624K, used 13608K [0x0000000702200000, 0x0000000707a80000, 0x0000000780b80000)
  object space 90624K, 15% used [0x0000000702200000,0x0000000702f4a2d8,0x0000000707a80000)
 Metaspace       used 33135K, capacity 35280K, committed 35416K, reserved 1079296K
  class space    used 4605K, capacity 5029K, committed 5120K, reserved 1048576K
}
Event: 20.614 GC heap before
{Heap before GC invocations=11 (full 2):
 PSYoungGen      total 328704K, used 315904K [0x0000000780b80000, 0x0000000797280000, 0x00000007c0000000)
  eden space 315904K, 100% used [0x0000000780b80000,0x0000000794000000,0x0000000794000000)
  from space 12800K, 0% used [0x0000000794c00000,0x0000000794c00000,0x0000000795880000)
  to   space 12288K, 0% used [0x0000000794000000,0x0000000794000000,0x0000000794c00000)
 ParOldGen       total 90624K, used 13608K [0x0000000702200000, 0x0000000707a80000, 0x0000000780b80000)
  object space 90624K, 15% used [0x0000000702200000,0x0000000702f4a2d8,0x0000000707a80000)
 Metaspace       used 51350K, capacity 54000K, committed 54144K, reserved 1095680K
  class space    used 7183K, capacity 7693K, committed 7808K, reserved 1048576K
Event: 20.629 GC heap after
Heap after GC invocations=11 (full 2):
 PSYoungGen      total 328192K, used 12277K [0x0000000780b80000, 0x0000000797280000, 0x00000007c0000000)
  eden space 315904K, 0% used [0x0000000780b80000,0x0000000780b80000,0x0000000794000000)
  from space 12288K, 99% used [0x0000000794000000,0x0000000794bfd678,0x0000000794c00000)
  to   space 12800K, 0% used [0x0000000794c00000,0x0000000794c00000,0x0000000795880000)
 ParOldGen       total 90624K, used 24653K [0x0000000702200000, 0x0000000707a80000, 0x0000000780b80000)
  object space 90624K, 27% used [0x0000000702200000,0x0000000703a135f8,0x0000000707a80000)
 Metaspace       used 51350K, capacity 54000K, committed 54144K, reserved 1095680K
  class space    used 7183K, capacity 7693K, committed 7808K, reserved 1048576K
}
Event: 21.262 GC heap before
{Heap before GC invocations=12 (full 2):
 PSYoungGen      total 328192K, used 86538K [0x0000000780b80000, 0x0000000797280000, 0x00000007c0000000)
  eden space 315904K, 23% used [0x0000000780b80000,0x00000007854052d0,0x0000000794000000)
  from space 12288K, 99% used [0x0000000794000000,0x0000000794bfd678,0x0000000794c00000)
  to   space 12800K, 0% used [0x0000000794c00000,0x0000000794c00000,0x0000000795880000)
 ParOldGen       total 90624K, used 24653K [0x0000000702200000, 0x0000000707a80000, 0x0000000780b80000)
  object space 90624K, 27% used [0x0000000702200000,0x0000000703a135f8,0x0000000707a80000)
 Metaspace       used 55534K, capacity 58960K, committed 59028K, reserved 1099776K
  class space    used 7805K, capacity 8401K, committed 8448K, reserved 1048576K
Event: 21.271 GC heap after
Heap after GC invocations=12 (full 2):
 PSYoungGen      total 328704K, used 12774K [0x0000000780b80000, 0x0000000797280000, 0x00000007c0000000)
  eden space 315904K, 0% used [0x0000000780b80000,0x0000000780b80000,0x0000000794000000)
  from space 12800K, 99% used [0x0000000794c00000,0x0000000795879b00,0x0000000795880000)
  to   space 12288K, 0% used [0x0000000794000000,0x0000000794000000,0x0000000794c00000)
 ParOldGen       total 90624K, used 27395K [0x0000000702200000, 0x0000000707a80000, 0x0000000780b80000)
  object space 90624K, 30% used [0x0000000702200000,0x0000000703cc0c70,0x0000000707a80000)
 Metaspace       used 55534K, capacity 58960K, committed 59028K, reserved 1099776K
  class space    used 7805K, capacity 8401K, committed 8448K, reserved 1048576K
}
Event: 21.271 GC heap before
{Heap before GC invocations=13 (full 3):
 PSYoungGen      total 328704K, used 12774K [0x0000000780b80000, 0x0000000797280000, 0x00000007c0000000)
  eden space 315904K, 0% used [0x0000000780b80000,0x0000000780b80000,0x0000000794000000)
  from space 12800K, 99% used [0x0000000794c00000,0x0000000795879b00,0x0000000795880000)
  to   space 12288K, 0% used [0x0000000794000000,0x0000000794000000,0x0000000794c00000)
 ParOldGen       total 90624K, used 27395K [0x0000000702200000, 0x0000000707a80000, 0x0000000780b80000)
  object space 90624K, 30% used [0x0000000702200000,0x0000000703cc0c70,0x0000000707a80000)
 Metaspace       used 55534K, capacity 58960K, committed 59028K, reserved 1099776K
  class space    used 7805K, capacity 8401K, committed 8448K, reserved 1048576K
Event: 21.400 GC heap after
Heap after GC invocations=13 (full 3):
 PSYoungGen      total 328704K, used 0K [0x0000000780b80000, 0x0000000797280000, 0x00000007c0000000)
  eden space 315904K, 0% used [0x0000000780b80000,0x0000000780b80000,0x0000000794000000)
  from space 12800K, 0% used [0x0000000794c00000,0x0000000794c00000,0x0000000795880000)
  to   space 12288K, 0% used [0x0000000794000000,0x0000000794000000,0x0000000794c00000)
 ParOldGen       total 90624K, used 27085K [0x0000000702200000, 0x0000000707a80000, 0x0000000780b80000)
  object space 90624K, 29% used [0x0000000702200000,0x0000000703c734b8,0x0000000707a80000)
 Metaspace       used 55534K, capacity 58960K, committed 59028K, reserved 1099776K
  class space    used 7805K, capacity 8401K, committed 8448K, reserved 1048576K
}

